# JRE version: Java(TM) SE Runtime Environment (8.0_191-b12) (build 1.8.0_191-b12)
# Java VM: Java HotSpot(TM) 64-Bit Server VM (25.191-b12 mixed mode windows-amd64 compressed oops)
Heap:
 PSYoungGen      total 591360K, used 474371K [0x00000000d5580000, 0x0000000100000000, 0x0000000100000000)
  eden space 521728K, 77% used [0x00000000d5580000,0x00000000ee0c8ed0,0x00000000f5300000)
  from space 69632K, 99% used [0x00000000fab00000,0x00000000feef8050,0x00000000fef00000)
  to   space 88576K, 0% used [0x00000000f5300000,0x00000000f5300000,0x00000000fa980000)
 ParOldGen       total 308224K, used 132595K [0x0000000080000000, 0x0000000092d00000, 0x00000000d5580000)
  object space 308224K, 43% used [0x0000000080000000,0x000000008817cc30,0x0000000092d00000)
 Metaspace       used 71521K, capacity 73030K, committed 73304K, reserved 1114112K
  class space    used 9091K, capacity 9506K, committed 9560K, reserved 1048576K
GC Heap History (10 events):
Event: 55.779 GC heap before
{Heap before GC invocations=27 (full 3):
 PSYoungGen      total 472064K, used 29177K [0x00000000d5580000, 0x00000000f5200000, 0x0000000100000000)
  eden space 442880K, 0% used [0x00000000d5580000,0x00000000d5580000,0x00000000f0600000)
  from space 29184K, 99% used [0x00000000f2800000,0x00000000f447e470,0x00000000f4480000)
  to   space 34816K, 0% used [0x00000000f0600000,0x00000000f0600000,0x00000000f2800000)
 ParOldGen       total 189952K, used 48528K [0x0000000080000000, 0x000000008b980000, 0x00000000d5580000)
  object space 189952K, 25% used [0x0000000080000000,0x0000000082f64300,0x000000008b980000)
 Metaspace       used 57864K, capacity 58964K, committed 59096K, reserved 1099776K
  class space    used 8016K, capacity 8321K, committed 8408K, reserved 1048576K
Event: 56.112 GC heap after
Heap after GC invocations=27 (full 3):
 PSYoungGen      total 472064K, used 0K [0x00000000d5580000, 0x00000000f5200000, 0x0000000100000000)
  eden space 442880K, 0% used [0x00000000d5580000,0x00000000d5580000,0x00000000f0600000)
  from space 29184K, 0% used [0x00000000f2800000,0x00000000f2800000,0x00000000f4480000)
  to   space 34816K, 0% used [0x00000000f0600000,0x00000000f0600000,0x00000000f2800000)
 ParOldGen       total 308224K, used 63944K [0x0000000080000000, 0x0000000092d00000, 0x00000000d5580000)
  object space 308224K, 20% used [0x0000000080000000,0x0000000083e72238,0x0000000092d00000)
 Metaspace       used 57864K, capacity 58964K, committed 59096K, reserved 1099776K
  class space    used 8016K, capacity 8321K, committed 8408K, reserved 1048576K
}
Event: 58.378 GC heap before
{Heap before GC invocations=28 (full 3):
 PSYoungGen      total 472064K, used 442880K [0x00000000d5580000, 0x00000000f5200000, 0x0000000100000000)
  eden space 442880K, 100% used [0x00000000d5580000,0x00000000f0600000,0x00000000f0600000)
  from space 29184K, 0% used [0x00000000f2800000,0x00000000f2800000,0x00000000f4480000)
  to   space 34816K, 0% used [0x00000000f0600000,0x00000000f0600000,0x00000000f2800000)
 ParOldGen       total 308224K, used 63944K [0x0000000080000000, 0x0000000092d00000, 0x00000000d5580000)
  object space 308224K, 20% used [0x0000000080000000,0x0000000083e72238,0x0000000092d00000)
 Metaspace       used 58001K, capacity 59098K, committed 59352K, reserved 1099776K
  class space    used 8023K, capacity 8322K, committed 8408K, reserved 1048576K
Event: 58.412 GC heap after
Heap after GC invocations=28 (full 3):
 PSYoungGen      total 477696K, used 34810K [0x00000000d5580000, 0x00000000f8e00000, 0x0000000100000000)
  eden space 442880K, 0% used [0x00000000d5580000,0x00000000d5580000,0x00000000f0600000)
  from space 34816K, 99% used [0x00000000f0600000,0x00000000f27fea28,0x00000000f2800000)
  to   space 43520K, 0% used [0x00000000f6380000,0x00000000f6380000,0x00000000f8e00000)
 ParOldGen       total 308224K, used 75420K [0x0000000080000000, 0x0000000092d00000, 0x00000000d5580000)
  object space 308224K, 24% used [0x0000000080000000,0x00000000849a70b0,0x0000000092d00000)
 Metaspace       used 58001K, capacity 59098K, committed 59352K, reserved 1099776K
  class space    used 8023K, capacity 8322K, committed 8408K, reserved 1048576K
}
Event: 64.452 GC heap before
{Heap before GC invocations=29 (full 3):
 PSYoungGen      total 477696K, used 477690K [0x00000000d5580000, 0x00000000f8e00000, 0x0000000100000000)
  eden space 442880K, 100% used [0x00000000d5580000,0x00000000f0600000,0x00000000f0600000)
  from space 34816K, 99% used [0x00000000f0600000,0x00000000f27fea28,0x00000000f2800000)
  to   space 43520K, 0% used [0x00000000f6380000,0x00000000f6380000,0x00000000f8e00000)
 ParOldGen       total 308224K, used 75420K [0x0000000080000000, 0x0000000092d00000, 0x00000000d5580000)
  object space 308224K, 24% used [0x0000000080000000,0x00000000849a70b0,0x0000000092d00000)
 Metaspace       used 58956K, capacity 60054K, committed 60248K, reserved 1101824K
  class space    used 8123K, capacity 8421K, committed 8536K, reserved 1048576K
Event: 64.495 GC heap after
Heap after GC invocations=29 (full 3):
 PSYoungGen      total 531456K, used 43503K [0x00000000d5580000, 0x00000000f9980000, 0x0000000100000000)
  eden space 487936K, 0% used [0x00000000d5580000,0x00000000d5580000,0x00000000f3200000)
  from space 43520K, 99% used [0x00000000f6380000,0x00000000f8dfbfc0,0x00000000f8e00000)
  to   space 50688K, 0% used [0x00000000f3200000,0x00000000f3200000,0x00000000f6380000)
 ParOldGen       total 308224K, used 78672K [0x0000000080000000, 0x0000000092d00000, 0x00000000d5580000)
  object space 308224K, 25% used [0x0000000080000000,0x0000000084cd4340,0x0000000092d00000)
 Metaspace       used 58956K, capacity 60054K, committed 60248K, reserved 1101824K
  class space    used 8123K, capacity 8421K, committed 8536K, reserved 1048576K
}
Event: 69.614 GC heap before
{Heap before GC invocations=30 (full 3):
 PSYoungGen      total 531456K, used 531439K [0x00000000d5580000, 0x00000000f9980000, 0x0000000100000000)
  eden space 487936K, 100% used [0x00000000d5580000,0x00000000f3200000,0x00000000f3200000)
  from space 43520K, 99% used [0x00000000f6380000,0x00000000f8dfbfc0,0x00000000f8e00000)
  to   space 50688K, 0% used [0x00000000f3200000,0x00000000f3200000,0x00000000f6380000)
 ParOldGen       total 308224K, used 78672K [0x0000000080000000, 0x0000000092d00000, 0x00000000d5580000)
  object space 308224K, 25% used [0x0000000080000000,0x0000000084cd4340,0x0000000092d00000)
 Metaspace       used 60521K, capacity 61968K, committed 62296K, reserved 1103872K
  class space    used 8301K, capacity 8711K, committed 8792K, reserved 1048576K
Event: 69.663 GC heap after
Heap after GC invocations=30 (full 3):
 PSYoungGen      total 538624K, used 50669K [0x00000000d5580000, 0x00000000fef00000, 0x0000000100000000)
  eden space 487936K, 0% used [0x00000000d5580000,0x00000000d5580000,0x00000000f3200000)
  from space 50688K, 99% used [0x00000000f3200000,0x00000000f637b470,0x00000000f6380000)
  to   space 69632K, 0% used [0x00000000fab00000,0x00000000fab00000,0x00000000fef00000)
 ParOldGen       total 308224K, used 110692K [0x0000000080000000, 0x0000000092d00000, 0x00000000d5580000)
  object space 308224K, 35% used [0x0000000080000000,0x0000000086c19230,0x0000000092d00000)
 Metaspace       used 60521K, capacity 61968K, committed 62296K, reserved 1103872K
  class space    used 8301K, capacity 8711K, committed 8792K, reserved 1048576K
}
Event: 72.196 GC heap before
{Heap before GC invocations=31 (full 3):
 PSYoungGen      total 538624K, used 538605K [0x00000000d5580000, 0x00000000fef00000, 0x0000000100000000)
  eden space 487936K, 100% used [0x00000000d5580000,0x00000000f3200000,0x00000000f3200000)
  from space 50688K, 99% used [0x00000000f3200000,0x00000000f637b470,0x00000000f6380000)
  to   space 69632K, 0% used [0x00000000fab00000,0x00000000fab00000,0x00000000fef00000)
 ParOldGen       total 308224K, used 110692K [0x0000000080000000, 0x0000000092d00000, 0x00000000d5580000)
  object space 308224K, 35% used [0x0000000080000000,0x0000000086c19230,0x0000000092d00000)
 Metaspace       used 60530K, capacity 61968K, committed 62296K, reserved 1103872K
  class space    used 8301K, capacity 8711K, committed 8792K, reserved 1048576K
Event: 72.252 GC heap after
Heap after GC invocations=31 (full 3):
 PSYoungGen      total 591360K, used 69600K [0x00000000d5580000, 0x0000000100000000, 0x0000000100000000)
  eden space 521728K, 0% used [0x00000000d5580000,0x00000000d5580000,0x00000000f5300000)
  from space 69632K, 99% used [0x00000000fab00000,0x00000000feef8050,0x00000000fef00000)
  to   space 88576K, 0% used [0x00000000f5300000,0x00000000f5300000,0x00000000fa980000)
 ParOldGen       total 308224K, used 132595K [0x0000000080000000, 0x0000000092d00000, 0x00000000d5580000)
  object space 308224K, 43% used [0x0000000080000000,0x000000008817cc30,0x0000000092d00000)
 Metaspace       used 60530K, capacity 61968K, committed 62296K, reserved 1103872K
  class space    used 8301K, capacity 8711K, committed 8792K, reserved 1048576K
}

