# JRE version: Java(TM) SE Runtime Environment (8.0_191-b12) (build 1.8.0_191-b12)
# Java VM: Java HotSpot(TM) 64-Bit Server VM (25.191-b12 mixed mode windows-amd64 compressed oops)
Heap:
 PSYoungGen      total 615424K, used 541101K [0x00000000d5580000, 0x0000000100000000, 0x0000000100000000)
  eden space 531968K, 86% used [0x00000000d5580000,0x00000000f1471038,0x00000000f5d00000)
  from space 83456K, 99% used [0x00000000f5d00000,0x00000000fae7a618,0x00000000fae80000)
  to   space 83456K, 0% used [0x00000000fae80000,0x00000000fae80000,0x0000000100000000)
 ParOldGen       total 316416K, used 175228K [0x0000000080000000, 0x0000000093500000, 0x00000000d5580000)
  object space 316416K, 55% used [0x0000000080000000,0x000000008ab1f1c8,0x0000000093500000)
 Metaspace       used 67868K, capacity 69118K, committed 69464K, reserved 1110016K
  class space    used 8983K, capacity 9284K, committed 9344K, reserved 1048576K
GC Heap History (10 events):
Event: 61.070 GC heap before
{Heap before GC invocations=24 (full 3):
 PSYoungGen      total 443392K, used 22520K [0x00000000d5580000, 0x00000000f6480000, 0x0000000100000000)
  eden space 420864K, 0% used [0x00000000d5580000,0x00000000d5580000,0x00000000ef080000)
  from space 22528K, 99% used [0x00000000ef080000,0x00000000f067e000,0x00000000f0680000)
  to   space 28672K, 0% used [0x00000000f4880000,0x00000000f4880000,0x00000000f6480000)
 ParOldGen       total 214528K, used 34374K [0x0000000080000000, 0x000000008d180000, 0x00000000d5580000)
  object space 214528K, 16% used [0x0000000080000000,0x0000000082191a30,0x000000008d180000)
 Metaspace       used 57862K, capacity 59006K, committed 59096K, reserved 1099776K
  class space    used 8070K, capacity 8389K, committed 8448K, reserved 1048576K
Event: 61.294 GC heap after
Heap after GC invocations=24 (full 3):
 PSYoungGen      total 443392K, used 0K [0x00000000d5580000, 0x00000000f6480000, 0x0000000100000000)
  eden space 420864K, 0% used [0x00000000d5580000,0x00000000d5580000,0x00000000ef080000)
  from space 22528K, 0% used [0x00000000ef080000,0x00000000ef080000,0x00000000f0680000)
  to   space 28672K, 0% used [0x00000000f4880000,0x00000000f4880000,0x00000000f6480000)
 ParOldGen       total 316416K, used 50506K [0x0000000080000000, 0x0000000093500000, 0x00000000d5580000)
  object space 316416K, 15% used [0x0000000080000000,0x0000000083152820,0x0000000093500000)
 Metaspace       used 57862K, capacity 59006K, committed 59096K, reserved 1099776K
  class space    used 8070K, capacity 8389K, committed 8448K, reserved 1048576K
}
Event: 64.028 GC heap before
{Heap before GC invocations=25 (full 3):
 PSYoungGen      total 443392K, used 420864K [0x00000000d5580000, 0x00000000f6480000, 0x0000000100000000)
  eden space 420864K, 100% used [0x00000000d5580000,0x00000000ef080000,0x00000000ef080000)
  from space 22528K, 0% used [0x00000000ef080000,0x00000000ef080000,0x00000000f0680000)
  to   space 28672K, 0% used [0x00000000f4880000,0x00000000f4880000,0x00000000f6480000)
 ParOldGen       total 316416K, used 50506K [0x0000000080000000, 0x0000000093500000, 0x00000000d5580000)
  object space 316416K, 15% used [0x0000000080000000,0x0000000083152820,0x0000000093500000)
 Metaspace       used 62962K, capacity 64194K, committed 64472K, reserved 1105920K
  class space    used 8559K, capacity 8905K, committed 8960K, reserved 1048576K
Event: 64.100 GC heap after
Heap after GC invocations=25 (full 3):
 PSYoungGen      total 494080K, used 28649K [0x00000000d5580000, 0x00000000f9580000, 0x0000000100000000)
  eden space 465408K, 0% used [0x00000000d5580000,0x00000000d5580000,0x00000000f1c00000)
  from space 28672K, 99% used [0x00000000f4880000,0x00000000f647a498,0x00000000f6480000)
  to   space 45568K, 0% used [0x00000000f1c00000,0x00000000f1c00000,0x00000000f4880000)
 ParOldGen       total 316416K, used 88049K [0x0000000080000000, 0x0000000093500000, 0x00000000d5580000)
  object space 316416K, 27% used [0x0000000080000000,0x00000000855fc410,0x0000000093500000)
 Metaspace       used 62962K, capacity 64194K, committed 64472K, reserved 1105920K
  class space    used 8559K, capacity 8905K, committed 8960K, reserved 1048576K
}
Event: 66.305 GC heap before
{Heap before GC invocations=26 (full 3):
 PSYoungGen      total 494080K, used 494057K [0x00000000d5580000, 0x00000000f9580000, 0x0000000100000000)
  eden space 465408K, 100% used [0x00000000d5580000,0x00000000f1c00000,0x00000000f1c00000)
  from space 28672K, 99% used [0x00000000f4880000,0x00000000f647a498,0x00000000f6480000)
  to   space 45568K, 0% used [0x00000000f1c00000,0x00000000f1c00000,0x00000000f4880000)
 ParOldGen       total 316416K, used 88049K [0x0000000080000000, 0x0000000093500000, 0x00000000d5580000)
  object space 316416K, 27% used [0x0000000080000000,0x00000000855fc410,0x0000000093500000)
 Metaspace       used 63909K, capacity 65140K, committed 65368K, reserved 1105920K
  class space    used 8657K, capacity 9004K, committed 9088K, reserved 1048576K
Event: 66.375 GC heap after
Heap after GC invocations=26 (full 3):
 PSYoungGen      total 510976K, used 45544K [0x00000000d5580000, 0x00000000fef80000, 0x0000000100000000)
  eden space 465408K, 0% used [0x00000000d5580000,0x00000000d5580000,0x00000000f1c00000)
  from space 45568K, 99% used [0x00000000f1c00000,0x00000000f487a220,0x00000000f4880000)
  to   space 62464K, 0% used [0x00000000fb280000,0x00000000fb280000,0x00000000fef80000)
 ParOldGen       total 316416K, used 116097K [0x0000000080000000, 0x0000000093500000, 0x00000000d5580000)
  object space 316416K, 36% used [0x0000000080000000,0x00000000871606d8,0x0000000093500000)
 Metaspace       used 63909K, capacity 65140K, committed 65368K, reserved 1105920K
  class space    used 8657K, capacity 9004K, committed 9088K, reserved 1048576K
}
Event: 71.187 GC heap before
{Heap before GC invocations=27 (full 3):
 PSYoungGen      total 510976K, used 510952K [0x00000000d5580000, 0x00000000fef80000, 0x0000000100000000)
  eden space 465408K, 100% used [0x00000000d5580000,0x00000000f1c00000,0x00000000f1c00000)
  from space 45568K, 99% used [0x00000000f1c00000,0x00000000f487a220,0x00000000f4880000)
  to   space 62464K, 0% used [0x00000000fb280000,0x00000000fb280000,0x00000000fef80000)
 ParOldGen       total 316416K, used 116097K [0x0000000080000000, 0x0000000093500000, 0x00000000d5580000)
  object space 316416K, 36% used [0x0000000080000000,0x00000000871606d8,0x0000000093500000)
 Metaspace       used 66108K, capacity 67316K, committed 67544K, reserved 1107968K
  class space    used 8819K, capacity 9132K, committed 9216K, reserved 1048576K
Event: 71.263 GC heap after
Heap after GC invocations=27 (full 3):
 PSYoungGen      total 594432K, used 62446K [0x00000000d5580000, 0x0000000100000000, 0x0000000100000000)
  eden space 531968K, 0% used [0x00000000d5580000,0x00000000d5580000,0x00000000f5d00000)
  from space 62464K, 99% used [0x00000000fb280000,0x00000000fef7bbf0,0x00000000fef80000)
  to   space 83456K, 0% used [0x00000000f5d00000,0x00000000f5d00000,0x00000000fae80000)
 ParOldGen       total 316416K, used 147428K [0x0000000080000000, 0x0000000093500000, 0x00000000d5580000)
  object space 316416K, 46% used [0x0000000080000000,0x0000000088ff90f8,0x0000000093500000)
 Metaspace       used 66108K, capacity 67316K, committed 67544K, reserved 1107968K
  class space    used 8819K, capacity 9132K, committed 9216K, reserved 1048576K
}
Event: 75.497 GC heap before
{Heap before GC invocations=28 (full 3):
 PSYoungGen      total 594432K, used 594414K [0x00000000d5580000, 0x0000000100000000, 0x0000000100000000)
  eden space 531968K, 100% used [0x00000000d5580000,0x00000000f5d00000,0x00000000f5d00000)
  from space 62464K, 99% used [0x00000000fb280000,0x00000000fef7bbf0,0x00000000fef80000)
  to   space 83456K, 0% used [0x00000000f5d00000,0x00000000f5d00000,0x00000000fae80000)
 ParOldGen       total 316416K, used 147428K [0x0000000080000000, 0x0000000093500000, 0x00000000d5580000)
  object space 316416K, 46% used [0x0000000080000000,0x0000000088ff90f8,0x0000000093500000)
 Metaspace       used 67627K, capacity 68798K, committed 68952K, reserved 1110016K
  class space    used 8951K, capacity 9244K, committed 9344K, reserved 1048576K
Event: 75.594 GC heap after
Heap after GC invocations=28 (full 3):
 PSYoungGen      total 615424K, used 83433K [0x00000000d5580000, 0x0000000100000000, 0x0000000100000000)
  eden space 531968K, 0% used [0x00000000d5580000,0x00000000d5580000,0x00000000f5d00000)
  from space 83456K, 99% used [0x00000000f5d00000,0x00000000fae7a618,0x00000000fae80000)
  to   space 83456K, 0% used [0x00000000fae80000,0x00000000fae80000,0x0000000100000000)
 ParOldGen       total 316416K, used 175228K [0x0000000080000000, 0x0000000093500000, 0x00000000d5580000)
  object space 316416K, 55% used [0x0000000080000000,0x000000008ab1f1c8,0x0000000093500000)
 Metaspace       used 67627K, capacity 68798K, committed 68952K, reserved 1110016K
  class space    used 8951K, capacity 9244K, committed 9344K, reserved 1048576K
}

